<?xml version="1.0" encoding="UTF-8"?>
<testsuite name="Section_19Test" tests="2" skipped="0" failures="0" errors="0" timestamp="2022-08-18T05:43:46" hostname="linux" time="0.017">
  <properties/>
  <testcase name="Testcase 1" classname="Section_19Test" time="0.014"/>
  <testcase name="Testcase 2" classname="Section_19Test" time="0.001"/>
  <system-out><![CDATA[]]></system-out>
  <system-err><![CDATA[]]></system-err>
</testsuite>
